<?xml version="1.0" encoding="UTF-8"?>
<!-- Generated by org.testng.reporters.JUnitReportReporter -->
<testsuite hostname="DESKTOP-CEL71GS" failures="0" tests="2" name="browserStack.BrowserStackTest" time="10.987" errors="0" timestamp="2020-04-06T01:02:07 IST" skipped="0">
  <testcase classname="browserStack.BrowserStackTest" name="testSimple" time="4.173"/>
  <testcase classname="browserStack.BrowserStackTest" name="testSimple" time="6.814"/>
</testsuite> <!-- browserStack.BrowserStackTest -->
