<?xml version="1.0" encoding="UTF-8"?>
<!-- Generated by org.testng.reporters.JUnitReportReporter -->
<testsuite hostname="DESKTOP-CEL71GS" failures="0" tests="3" name="com.runner.TestRunner" time="67.478" errors="0" timestamp="2020-04-06T14:07:25 IST" skipped="0">
  <testcase classname="com.runner.TestRunner" name="feature" time="25.599"/>
  <testcase classname="com.runner.TestRunner" name="feature" time="20.861"/>
  <testcase classname="com.runner.TestRunner" name="feature" time="21.018"/>
</testsuite> <!-- com.runner.TestRunner -->
